2025-07-29 00:52:37,826 - __main__ - INFO - db created
2025-07-29 00:52:37,826 - __main__ - INFO - Bot started
2025-07-29 00:52:37,829 - __main__ - ERROR - Failed to load txts/porn_domains.txt: [Errno 2] No such file or directory: 'txts/porn_domains.txt'
2025-07-29 00:52:37,829 - __main__ - ERROR - Failed to load txts/porn_keywords.txt: [Errno 2] No such file or directory: 'txts/porn_keywords.txt'
2025-07-29 00:52:37,829 - __main__ - ERROR - Failed to load txts/supported_sites.txt: [Errno 2] No such file or directory: 'txts/supported_sites.txt'
2025-07-29 00:52:38,227 - pyrogram.session.auth - INFO - Start creating a new auth key on DC2
2025-07-29 00:52:38,228 - pyrogram.connection.connection - INFO - Connecting...
2025-07-29 00:52:38,462 - pyrogram.connection.connection - INFO - Connected! Production DC2 - IPv4
2025-07-29 00:52:40,791 - pyrogram.session.auth - INFO - Done auth key exchange: DhGenOk
2025-07-29 00:52:40,792 - pyrogram.connection.connection - INFO - Disconnected
2025-07-29 00:52:40,805 - pyrogram.connection.connection - INFO - Connecting...
2025-07-29 00:52:41,010 - pyrogram.connection.connection - INFO - Connected! Production DC2 - IPv4
2025-07-29 00:52:41,010 - pyrogram.session.session - INFO - NetworkTask started
2025-07-29 00:52:41,711 - pyrogram.session.session - INFO - Session initialized: Pyrogram v2.2.7 (Layer 210)
2025-07-29 00:52:41,712 - pyrogram.session.session - INFO - Device: CPython 3.12.6 - Pyrogram 2.2.7
2025-07-29 00:52:41,712 - pyrogram.session.session - INFO - System: Windows 11 (en)
2025-07-29 00:52:41,712 - pyrogram.session.session - INFO - Session started
2025-07-29 00:52:41,713 - pyrogram.session.session - INFO - PingTask started
2025-07-29 00:52:41,979 - pyrogram.session.session - INFO - PingTask stopped
2025-07-29 00:52:41,980 - pyrogram.session.session - INFO - NetworkTask stopped
2025-07-29 00:52:41,980 - pyrogram.connection.connection - INFO - Disconnected
2025-07-29 00:52:41,980 - pyrogram.session.session - INFO - Session stopped
2025-07-29 00:52:41,992 - pyrogram.session.auth - INFO - Start creating a new auth key on DC1
2025-07-29 00:52:41,992 - pyrogram.connection.connection - INFO - Connecting...
2025-07-29 00:52:42,444 - pyrogram.connection.connection - INFO - Connected! Production DC1 - IPv4
2025-07-29 00:52:45,045 - pyrogram.session.auth - INFO - Done auth key exchange: DhGenOk
2025-07-29 00:52:45,045 - pyrogram.connection.connection - INFO - Disconnected
2025-07-29 00:52:45,059 - pyrogram.connection.connection - INFO - Connecting...
2025-07-29 00:52:45,404 - pyrogram.connection.connection - INFO - Connected! Production DC1 - IPv4
2025-07-29 00:52:45,404 - pyrogram.session.session - INFO - NetworkTask started
2025-07-29 00:52:46,850 - pyrogram.session.session - INFO - Session initialized: Pyrogram v2.2.7 (Layer 210)
2025-07-29 00:52:46,850 - pyrogram.session.session - INFO - Device: CPython 3.12.6 - Pyrogram 2.2.7
2025-07-29 00:52:46,851 - pyrogram.session.session - INFO - System: Windows 11 (en)
2025-07-29 00:52:46,851 - pyrogram.session.session - INFO - Session started
2025-07-29 00:52:46,852 - pyrogram.session.session - INFO - PingTask started
2025-07-29 00:52:48,135 - pyrogram.dispatcher - INFO - Started 20 HandlerTasks
2025-07-29 00:53:25,458 - pyrogram.methods.utilities.idle - INFO - Stop signal received (SIGINT). Exiting...
2025-07-29 00:53:25,468 - pyrogram.dispatcher - INFO - Stopped 20 HandlerTasks
2025-07-29 00:53:25,468 - pyrogram.session.session - INFO - PingTask stopped
2025-07-29 00:53:25,468 - pyrogram.session.session - INFO - NetworkTask stopped
2025-07-29 00:53:25,468 - pyrogram.connection.connection - INFO - Disconnected
2025-07-29 00:53:25,468 - pyrogram.session.session - INFO - Session stopped
2025-07-29 00:53:31,157 - __main__ - INFO - db created
2025-07-29 00:53:31,158 - __main__ - INFO - Bot started
2025-07-29 00:53:31,158 - __main__ - ERROR - Failed to load txts/porn_domains.txt: [Errno 2] No such file or directory: 'txts/porn_domains.txt'
2025-07-29 00:53:31,158 - __main__ - ERROR - Failed to load txts/porn_keywords.txt: [Errno 2] No such file or directory: 'txts/porn_keywords.txt'
2025-07-29 00:53:31,158 - __main__ - ERROR - Failed to load txts/supported_sites.txt: [Errno 2] No such file or directory: 'txts/supported_sites.txt'
2025-07-29 00:53:31,497 - pyrogram.connection.connection - INFO - Connecting...
2025-07-29 00:53:31,889 - pyrogram.connection.connection - INFO - Connected! Production DC1 - IPv4
2025-07-29 00:53:31,891 - pyrogram.session.session - INFO - NetworkTask started
2025-07-29 00:53:33,228 - pyrogram.session.session - INFO - Session initialized: Pyrogram v2.2.7 (Layer 210)
2025-07-29 00:53:33,228 - pyrogram.session.session - INFO - Device: CPython 3.12.6 - Pyrogram 2.2.7
2025-07-29 00:53:33,228 - pyrogram.session.session - INFO - System: Windows 11 (en)
2025-07-29 00:53:33,228 - pyrogram.session.session - INFO - Session started
2025-07-29 00:53:33,229 - pyrogram.session.session - INFO - PingTask started
2025-07-29 00:53:34,164 - pyrogram.dispatcher - INFO - Started 20 HandlerTasks
2025-07-29 00:53:35,568 - pyrogram.methods.messages.send_message - WARNING - `reply_to_message_id` is deprecated and will be removed in future updates. Use `reply_parameters` instead.
2025-07-29 00:53:43,123 - pyrogram.methods.messages.send_message - WARNING - `reply_to_message_id` is deprecated and will be removed in future updates. Use `reply_parameters` instead.
2025-07-29 00:54:00,692 - pyrogram.methods.messages.send_message - WARNING - `reply_to_message_id` is deprecated and will be removed in future updates. Use `reply_parameters` instead.
2025-07-29 00:54:01,331 - __main__ - INFO - Subs check cache cleared
2025-07-29 00:54:24,261 - pyrogram.parser.html - INFO - Unclosed tags: <code> (x1)
2025-07-29 00:55:26,411 - pyrogram.parser.html - INFO - Unclosed tags: <code> (x1)
2025-07-29 00:56:27,213 - __main__ - INFO - [FORMAT] callback: format_option|custom
2025-07-29 00:56:27,214 - pyrogram.methods.messages.send_message - WARNING - `reply_to_message_id` is deprecated and will be removed in future updates. Use `reply_parameters` instead.
2025-07-29 00:56:40,775 - __main__ - INFO - [FORMAT] callback: format_option|bv2160
2025-07-29 00:57:24,066 - pyrogram.methods.messages.send_message - WARNING - `reply_to_message_id` is deprecated and will be removed in future updates. Use `reply_parameters` instead.
2025-07-29 00:57:48,853 - __main__ - INFO - Subs check cache cleared
2025-07-29 00:57:50,115 - __main__ - INFO - video_url_extractor: using saved format 'bv*[vcodec*=avc1][height<=2160]+ba[acodec*=mp4a]/bv*[vcodec*=avc1]+ba/best', quality_key='2160p'
2025-07-29 00:57:50,115 - __main__ - INFO - down_and_up called: url=https://www.youtube.com/watch?v=TOlsnhu5F5g, quality_key=2160p, format_override=bv*[vcodec*=avc1][height<=2160]+ba[acodec*=mp4a]/bv*[vcodec*=avc1]+ba/best, video_count=1, video_start_with=1
2025-07-29 00:57:50,115 - __main__ - INFO - get_cached_message_ids called: url=https://www.youtube.com/watch?v=TOlsnhu5F5g, quality_key=2160p
2025-07-29 00:57:50,116 - __main__ - INFO - normalize_url_for_cache: 'https://www.youtube.com/watch?v=TOlsnhu5F5g' -> 'https://www.youtube.com/watch?v=TOlsnhu5F5g' (watch)
2025-07-29 00:57:50,116 - __main__ - INFO - normalize_url_for_cache: 'https://youtu.be/TOlsnhu5F5g' -> 'https://youtu.be/TOlsnhu5F5g' (youtu.be)
2025-07-29 00:57:50,116 - __main__ - INFO - normalize_url_for_cache: 'https://www.youtube.com/watch?v=TOlsnhu5F5g' -> 'https://www.youtube.com/watch?v=TOlsnhu5F5g' (watch)
2025-07-29 00:57:50,117 - __main__ - INFO - get_cached_message_ids: original=https://www.youtube.com/watch?v=TOlsnhu5F5g, short=https://youtu.be/TOlsnhu5F5g, long=https://www.youtube.com/watch?v=TOlsnhu5F5g
2025-07-29 00:57:50,117 - __main__ - INFO - get_cached_message_ids: checking URLs: ['https://www.youtube.com/watch?v=TOlsnhu5F5g', 'https://youtu.be/TOlsnhu5F5g', 'https://www.youtube.com/watch?v=TOlsnhu5F5g']
2025-07-29 00:57:50,117 - __main__ - INFO - get_url_hash: 'https://www.youtube.com/watch?v=TOlsnhu5F5g' -> '60c38b8fbc3828bf05a3839becd55fa4'
2025-07-29 00:57:50,117 - __main__ - INFO - get_cached_message_ids: checking hash 60c38b8fbc3828bf05a3839becd55fa4 for quality 2160p
2025-07-29 00:57:50,118 - __main__ - INFO - get_cached_message_ids: raw value from local cache: None (type: <class 'NoneType'>)
2025-07-29 00:57:50,118 - __main__ - INFO - get_cached_message_ids: no cache found for hash 60c38b8fbc3828bf05a3839becd55fa4, quality 2160p
2025-07-29 00:57:50,118 - __main__ - INFO - get_url_hash: 'https://youtu.be/TOlsnhu5F5g' -> '1ee33184bfcf165fc38d4450606e87c4'
2025-07-29 00:57:50,118 - __main__ - INFO - get_cached_message_ids: checking hash 1ee33184bfcf165fc38d4450606e87c4 for quality 2160p
2025-07-29 00:57:50,119 - __main__ - INFO - get_cached_message_ids: raw value from local cache: None (type: <class 'NoneType'>)
2025-07-29 00:57:50,119 - __main__ - INFO - get_cached_message_ids: no cache found for hash 1ee33184bfcf165fc38d4450606e87c4, quality 2160p
2025-07-29 00:57:50,119 - __main__ - INFO - get_cached_message_ids: no cache found for any URL variant, returning None
2025-07-29 00:57:50,830 - pyrogram.methods.messages.send_message - WARNING - `reply_to_message_id` is deprecated and will be removed in future updates. Use `reply_parameters` instead.
2025-07-29 00:57:56,858 - __main__ - INFO - [SIZE CHECK] quality_key=2160p, size unknown, limit=10 GB, allowed=True
2025-07-29 00:57:56,858 - __main__ - INFO - [SIZE CHECK] Download for quality_key=2160p is allowed and will proceed.
2025-07-29 00:58:52,944 - __main__ - ERROR - DownloadError: [0;31mERROR:[0m The downloaded file is empty
2025-07-29 00:58:53,411 - pyrogram.methods.messages.send_message - WARNING - `reply_to_message_id` is deprecated and will be removed in future updates. Use `reply_parameters` instead.
2025-07-29 00:58:53,832 - __main__ - INFO - Cleaning up temporary files for user 5176829003
2025-07-29 00:59:07,417 - __main__ - INFO - Removed file: ./users/5176829003\format.txt
2025-07-29 00:59:07,417 - __main__ - INFO - Media cleanup completed for user 5176829003
2025-07-29 00:59:07,897 - pyrogram.methods.messages.send_message - WARNING - `reply_to_message_id` is deprecated and will be removed in future updates. Use `reply_parameters` instead.
2025-07-29 00:59:08,534 - __main__ - INFO - Subs check cache cleared
2025-07-29 00:59:21,022 - __main__ - INFO - Media cleanup completed for user 5176829003
2025-07-29 00:59:21,411 - pyrogram.methods.messages.send_message - WARNING - `reply_to_message_id` is deprecated and will be removed in future updates. Use `reply_parameters` instead.
2025-07-29 00:59:21,806 - __main__ - INFO - Subs check cache cleared
2025-07-29 00:59:30,854 - pyrogram.parser.html - INFO - Unclosed tags: <code> (x1)
2025-07-29 01:00:09,226 - pyrogram.methods.messages.send_message - WARNING - `reply_to_message_id` is deprecated and will be removed in future updates. Use `reply_parameters` instead.
2025-07-29 01:00:26,799 - pyrogram.methods.messages.send_message - WARNING - `reply_to_message_id` is deprecated and will be removed in future updates. Use `reply_parameters` instead.
2025-07-29 01:00:44,160 - __main__ - INFO - [FORMAT] callback: format_option|alwaysask
2025-07-29 01:01:01,348 - __main__ - INFO - Subs check cache cleared
2025-07-29 01:01:01,525 - __main__ - INFO - Subs check cache cleared
2025-07-29 01:01:01,525 - pyrogram.methods.messages.send_message - WARNING - `reply_to_message_id` is deprecated and will be removed in future updates. Use `reply_parameters` instead.
2025-07-29 01:01:01,951 - __main__ - INFO - normalize_url_for_cache: 'https://www.youtube.com/shorts/k5Vm3t25Emg' -> 'https://www.youtube.com/shorts/k5Vm3t25Emg' (shorts)
2025-07-29 01:01:01,951 - __main__ - INFO - get_url_hash: 'https://www.youtube.com/shorts/k5Vm3t25Emg' -> '0c61bcfe53baabfd4881b0d362de83bd'
2025-07-29 01:01:07,971 - __main__ - INFO - is_porn: domain in WHITELIST: youtube.com
2025-07-29 01:01:07,971 - __main__ - INFO - Generated final tags for 'Be the person that your mom thinks you are - #chriswilliamson #quotes': "#youtube #Quotes_Empire"
2025-07-29 01:01:09,404 - pyrogram.methods.messages.send_photo - WARNING - `reply_to_message_id` is deprecated and will be removed in future updates. Use `reply_parameters` instead.
2025-07-29 01:01:09,415 - pyrogram.connection.connection - INFO - Connecting...
2025-07-29 01:01:09,874 - pyrogram.connection.connection - INFO - Connected! Production DC1 (media) - IPv4
2025-07-29 01:01:09,874 - pyrogram.session.session - INFO - NetworkTask started
2025-07-29 01:01:11,637 - pyrogram.session.session - INFO - Session initialized: Pyrogram v2.2.7 (Layer 210)
2025-07-29 01:01:11,638 - pyrogram.session.session - INFO - Device: CPython 3.12.6 - Pyrogram 2.2.7
2025-07-29 01:01:11,639 - pyrogram.session.session - INFO - System: Windows 11 (en)
2025-07-29 01:01:11,639 - pyrogram.session.session - INFO - Session started
2025-07-29 01:01:11,639 - pyrogram.session.session - INFO - PingTask started
2025-07-29 01:01:32,198 - __main__ - INFO - [ASKQ] callback: askq|1080p
2025-07-29 01:01:32,551 - __main__ - INFO - get_cached_message_ids called: url=https://www.youtube.com/shorts/k5Vm3t25Emg, quality_key=1080p
2025-07-29 01:01:32,551 - __main__ - INFO - normalize_url_for_cache: 'https://www.youtube.com/shorts/k5Vm3t25Emg' -> 'https://www.youtube.com/shorts/k5Vm3t25Emg' (shorts)
2025-07-29 01:01:32,551 - __main__ - INFO - normalize_url_for_cache: 'https://youtu.be/k5Vm3t25Emg' -> 'https://youtu.be/k5Vm3t25Emg' (youtu.be)
2025-07-29 01:01:32,552 - __main__ - INFO - normalize_url_for_cache: 'https://www.youtube.com/watch?v=k5Vm3t25Emg' -> 'https://www.youtube.com/watch?v=k5Vm3t25Emg' (watch)
2025-07-29 01:01:32,552 - __main__ - INFO - get_cached_message_ids: original=https://www.youtube.com/shorts/k5Vm3t25Emg, short=https://youtu.be/k5Vm3t25Emg, long=https://www.youtube.com/watch?v=k5Vm3t25Emg
2025-07-29 01:01:32,552 - __main__ - INFO - get_cached_message_ids: checking URLs: ['https://www.youtube.com/shorts/k5Vm3t25Emg', 'https://youtu.be/k5Vm3t25Emg', 'https://www.youtube.com/watch?v=k5Vm3t25Emg']
2025-07-29 01:01:32,552 - __main__ - INFO - get_url_hash: 'https://www.youtube.com/watch?v=k5Vm3t25Emg' -> 'a0d2f255311f10fe4ee8f3506b252255'
2025-07-29 01:01:32,552 - __main__ - INFO - get_cached_message_ids: checking hash a0d2f255311f10fe4ee8f3506b252255 for quality 1080p
2025-07-29 01:01:32,552 - __main__ - INFO - get_cached_message_ids: raw value from local cache: None (type: <class 'NoneType'>)
2025-07-29 01:01:32,553 - __main__ - INFO - get_cached_message_ids: no cache found for hash a0d2f255311f10fe4ee8f3506b252255, quality 1080p
2025-07-29 01:01:32,553 - __main__ - INFO - get_url_hash: 'https://www.youtube.com/shorts/k5Vm3t25Emg' -> '0c61bcfe53baabfd4881b0d362de83bd'
2025-07-29 01:01:32,553 - __main__ - INFO - get_cached_message_ids: checking hash 0c61bcfe53baabfd4881b0d362de83bd for quality 1080p
2025-07-29 01:01:32,553 - __main__ - INFO - get_cached_message_ids: raw value from local cache: None (type: <class 'NoneType'>)
2025-07-29 01:01:32,553 - __main__ - INFO - get_cached_message_ids: no cache found for hash 0c61bcfe53baabfd4881b0d362de83bd, quality 1080p
2025-07-29 01:01:32,553 - __main__ - INFO - get_url_hash: 'https://youtu.be/k5Vm3t25Emg' -> 'ba445ab17dee6fe15ca3665dced17046'
2025-07-29 01:01:32,553 - __main__ - INFO - get_cached_message_ids: checking hash ba445ab17dee6fe15ca3665dced17046 for quality 1080p
2025-07-29 01:01:32,554 - __main__ - INFO - get_cached_message_ids: raw value from local cache: None (type: <class 'NoneType'>)
2025-07-29 01:01:32,554 - __main__ - INFO - get_cached_message_ids: no cache found for hash ba445ab17dee6fe15ca3665dced17046, quality 1080p
2025-07-29 01:01:32,554 - __main__ - INFO - get_cached_message_ids: no cache found for any URL variant, returning None
2025-07-29 01:01:37,363 - __main__ - INFO - down_and_up called: url=https://www.youtube.com/shorts/k5Vm3t25Emg, quality_key=1080p, format_override=bv*[vcodec*=avc1][height<=1920]+ba[acodec*=mp4a]/bv*[vcodec*=avc1]+ba/bestvideo[height<=1080]+bestaudio/best[height<=1080]/best, video_count=1, video_start_with=1
2025-07-29 01:01:37,364 - __main__ - INFO - get_cached_message_ids called: url=https://www.youtube.com/shorts/k5Vm3t25Emg, quality_key=1080p
2025-07-29 01:01:37,365 - __main__ - INFO - normalize_url_for_cache: 'https://www.youtube.com/shorts/k5Vm3t25Emg' -> 'https://www.youtube.com/shorts/k5Vm3t25Emg' (shorts)
2025-07-29 01:01:37,365 - __main__ - INFO - normalize_url_for_cache: 'https://youtu.be/k5Vm3t25Emg' -> 'https://youtu.be/k5Vm3t25Emg' (youtu.be)
2025-07-29 01:01:37,365 - __main__ - INFO - normalize_url_for_cache: 'https://www.youtube.com/watch?v=k5Vm3t25Emg' -> 'https://www.youtube.com/watch?v=k5Vm3t25Emg' (watch)
2025-07-29 01:01:37,365 - __main__ - INFO - get_cached_message_ids: original=https://www.youtube.com/shorts/k5Vm3t25Emg, short=https://youtu.be/k5Vm3t25Emg, long=https://www.youtube.com/watch?v=k5Vm3t25Emg
2025-07-29 01:01:37,365 - __main__ - INFO - get_cached_message_ids: checking URLs: ['https://www.youtube.com/shorts/k5Vm3t25Emg', 'https://youtu.be/k5Vm3t25Emg', 'https://www.youtube.com/watch?v=k5Vm3t25Emg']
2025-07-29 01:01:37,366 - __main__ - INFO - get_url_hash: 'https://www.youtube.com/watch?v=k5Vm3t25Emg' -> 'a0d2f255311f10fe4ee8f3506b252255'
2025-07-29 01:01:37,366 - __main__ - INFO - get_cached_message_ids: checking hash a0d2f255311f10fe4ee8f3506b252255 for quality 1080p
2025-07-29 01:01:37,366 - __main__ - INFO - get_cached_message_ids: raw value from local cache: None (type: <class 'NoneType'>)
2025-07-29 01:01:37,366 - __main__ - INFO - get_cached_message_ids: no cache found for hash a0d2f255311f10fe4ee8f3506b252255, quality 1080p
2025-07-29 01:01:37,366 - __main__ - INFO - get_url_hash: 'https://www.youtube.com/shorts/k5Vm3t25Emg' -> '0c61bcfe53baabfd4881b0d362de83bd'
2025-07-29 01:01:37,366 - __main__ - INFO - get_cached_message_ids: checking hash 0c61bcfe53baabfd4881b0d362de83bd for quality 1080p
2025-07-29 01:01:37,366 - __main__ - INFO - get_cached_message_ids: raw value from local cache: None (type: <class 'NoneType'>)
2025-07-29 01:01:37,366 - __main__ - INFO - get_cached_message_ids: no cache found for hash 0c61bcfe53baabfd4881b0d362de83bd, quality 1080p
2025-07-29 01:01:37,367 - __main__ - INFO - get_url_hash: 'https://youtu.be/k5Vm3t25Emg' -> 'ba445ab17dee6fe15ca3665dced17046'
2025-07-29 01:01:37,367 - __main__ - INFO - get_cached_message_ids: checking hash ba445ab17dee6fe15ca3665dced17046 for quality 1080p
2025-07-29 01:01:37,367 - __main__ - INFO - get_cached_message_ids: raw value from local cache: None (type: <class 'NoneType'>)
2025-07-29 01:01:37,367 - __main__ - INFO - get_cached_message_ids: no cache found for hash ba445ab17dee6fe15ca3665dced17046, quality 1080p
2025-07-29 01:01:37,367 - __main__ - INFO - get_cached_message_ids: no cache found for any URL variant, returning None
2025-07-29 01:01:38,366 - pyrogram.methods.messages.send_message - WARNING - `reply_to_message_id` is deprecated and will be removed in future updates. Use `reply_parameters` instead.
2025-07-29 01:01:43,941 - __main__ - INFO - [SIZE CHECK] quality_key=1080p, size unknown, limit=10 GB, allowed=True
2025-07-29 01:01:43,941 - __main__ - INFO - [SIZE CHECK] Download for quality_key=1080p is allowed and will proceed.
2025-07-29 01:01:55,130 - __main__ - ERROR - DownloadError: [0;31mERROR:[0m The downloaded file is empty
2025-07-29 01:01:55,649 - pyrogram.methods.messages.send_message - WARNING - `reply_to_message_id` is deprecated and will be removed in future updates. Use `reply_parameters` instead.
2025-07-29 01:01:56,059 - __main__ - INFO - Cleaning up temporary files for user 5176829003
2025-07-29 01:02:24,865 - pyrogram.methods.utilities.idle - INFO - Stop signal received (SIGINT). Exiting...
2025-07-29 01:02:24,973 - pyrogram.dispatcher - INFO - Stopped 20 HandlerTasks
2025-07-29 01:02:24,974 - pyrogram.session.session - INFO - PingTask stopped
2025-07-29 01:02:24,974 - pyrogram.session.session - INFO - NetworkTask stopped
2025-07-29 01:02:24,975 - pyrogram.connection.connection - INFO - Disconnected
2025-07-29 01:02:24,975 - pyrogram.session.session - INFO - Session stopped
2025-07-29 01:02:24,975 - pyrogram.session.session - INFO - PingTask stopped
2025-07-29 01:02:24,975 - pyrogram.session.session - INFO - NetworkTask stopped
2025-07-29 01:02:24,976 - pyrogram.connection.connection - INFO - Disconnected
2025-07-29 01:02:24,976 - pyrogram.session.session - INFO - Session stopped
2025-07-29 01:09:22,618 - __main__ - INFO - db created
2025-07-29 01:09:22,619 - __main__ - INFO - Bot started
2025-07-29 01:09:22,619 - __main__ - ERROR - Failed to load txts/porn_domains.txt: [Errno 2] No such file or directory: 'txts/porn_domains.txt'
2025-07-29 01:09:22,620 - __main__ - ERROR - Failed to load txts/porn_keywords.txt: [Errno 2] No such file or directory: 'txts/porn_keywords.txt'
2025-07-29 01:09:22,620 - __main__ - ERROR - Failed to load txts/supported_sites.txt: [Errno 2] No such file or directory: 'txts/supported_sites.txt'
2025-07-29 01:09:22,936 - pyrogram.connection.connection - INFO - Connecting...
2025-07-29 01:09:23,338 - pyrogram.connection.connection - INFO - Connected! Production DC1 - IPv4
2025-07-29 01:09:23,339 - pyrogram.session.session - INFO - NetworkTask started
2025-07-29 01:09:24,652 - pyrogram.session.session - INFO - Session initialized: Pyrogram v2.2.7 (Layer 210)
2025-07-29 01:09:24,653 - pyrogram.session.session - INFO - Device: CPython 3.12.6 - Pyrogram 2.2.7
2025-07-29 01:09:24,653 - pyrogram.session.session - INFO - System: Windows 11 (en)
2025-07-29 01:09:24,653 - pyrogram.session.session - INFO - Session started
2025-07-29 01:09:24,654 - pyrogram.session.session - INFO - PingTask started
2025-07-29 01:09:25,482 - pyrogram.dispatcher - INFO - Started 20 HandlerTasks
2025-07-29 01:09:27,162 - pyrogram.parser.html - INFO - Unclosed tags: <code> (x1)
2025-07-29 01:12:27,296 - __main__ - INFO - Subs check cache cleared
2025-07-29 01:12:27,448 - __main__ - INFO - Subs check cache cleared
2025-07-29 01:12:27,449 - pyrogram.methods.messages.send_message - WARNING - `reply_to_message_id` is deprecated and will be removed in future updates. Use `reply_parameters` instead.
2025-07-29 01:12:27,869 - __main__ - INFO - normalize_url_for_cache: 'https://www.youtube.com/shorts/dvOuePlFjJg' -> 'https://www.youtube.com/shorts/dvOuePlFjJg' (shorts)
2025-07-29 01:12:27,870 - __main__ - INFO - get_url_hash: 'https://www.youtube.com/shorts/dvOuePlFjJg' -> '265365deba3d68fbf015d41a502f7c6f'
2025-07-29 01:12:34,404 - __main__ - INFO - is_porn: domain in WHITELIST: youtube.com
2025-07-29 01:12:34,404 - __main__ - INFO - Generated final tags for 'Confidence is Quiet': "#youtube #The_Social_Being"
2025-07-29 01:12:35,575 - pyrogram.methods.messages.send_photo - WARNING - `reply_to_message_id` is deprecated and will be removed in future updates. Use `reply_parameters` instead.
2025-07-29 01:12:35,586 - pyrogram.connection.connection - INFO - Connecting...
2025-07-29 01:12:36,194 - pyrogram.connection.connection - INFO - Connected! Production DC1 (media) - IPv4
2025-07-29 01:12:36,194 - pyrogram.session.session - INFO - NetworkTask started
2025-07-29 01:12:37,480 - pyrogram.session.session - INFO - Session initialized: Pyrogram v2.2.7 (Layer 210)
2025-07-29 01:12:37,480 - pyrogram.session.session - INFO - Device: CPython 3.12.6 - Pyrogram 2.2.7
2025-07-29 01:12:37,481 - pyrogram.session.session - INFO - System: Windows 11 (en)
2025-07-29 01:12:37,481 - pyrogram.session.session - INFO - Session started
2025-07-29 01:12:37,481 - pyrogram.session.session - INFO - PingTask started
2025-07-29 01:12:43,564 - __main__ - INFO - [ASKQ] callback: askq|720p
2025-07-29 01:12:44,200 - __main__ - INFO - get_cached_message_ids called: url=https://www.youtube.com/shorts/dvOuePlFjJg, quality_key=720p
2025-07-29 01:12:44,201 - __main__ - INFO - normalize_url_for_cache: 'https://www.youtube.com/shorts/dvOuePlFjJg' -> 'https://www.youtube.com/shorts/dvOuePlFjJg' (shorts)
2025-07-29 01:12:44,201 - __main__ - INFO - normalize_url_for_cache: 'https://youtu.be/dvOuePlFjJg' -> 'https://youtu.be/dvOuePlFjJg' (youtu.be)
2025-07-29 01:12:44,201 - __main__ - INFO - normalize_url_for_cache: 'https://www.youtube.com/watch?v=dvOuePlFjJg' -> 'https://www.youtube.com/watch?v=dvOuePlFjJg' (watch)
2025-07-29 01:12:44,201 - __main__ - INFO - get_cached_message_ids: original=https://www.youtube.com/shorts/dvOuePlFjJg, short=https://youtu.be/dvOuePlFjJg, long=https://www.youtube.com/watch?v=dvOuePlFjJg
2025-07-29 01:12:44,201 - __main__ - INFO - get_cached_message_ids: checking URLs: ['https://www.youtube.com/shorts/dvOuePlFjJg', 'https://youtu.be/dvOuePlFjJg', 'https://www.youtube.com/watch?v=dvOuePlFjJg']
2025-07-29 01:12:44,202 - __main__ - INFO - get_url_hash: 'https://www.youtube.com/shorts/dvOuePlFjJg' -> '265365deba3d68fbf015d41a502f7c6f'
2025-07-29 01:12:44,202 - __main__ - INFO - get_cached_message_ids: checking hash 265365deba3d68fbf015d41a502f7c6f for quality 720p
2025-07-29 01:12:44,202 - __main__ - INFO - get_cached_message_ids: raw value from local cache: None (type: <class 'NoneType'>)
2025-07-29 01:12:44,202 - __main__ - INFO - get_cached_message_ids: no cache found for hash 265365deba3d68fbf015d41a502f7c6f, quality 720p
2025-07-29 01:12:44,202 - __main__ - INFO - get_url_hash: 'https://youtu.be/dvOuePlFjJg' -> '9c95d9939fa8153de3797dc76e01bd56'
2025-07-29 01:12:44,202 - __main__ - INFO - get_cached_message_ids: checking hash 9c95d9939fa8153de3797dc76e01bd56 for quality 720p
2025-07-29 01:12:44,202 - __main__ - INFO - get_cached_message_ids: raw value from local cache: None (type: <class 'NoneType'>)
2025-07-29 01:12:44,202 - __main__ - INFO - get_cached_message_ids: no cache found for hash 9c95d9939fa8153de3797dc76e01bd56, quality 720p
2025-07-29 01:12:44,203 - __main__ - INFO - get_url_hash: 'https://www.youtube.com/watch?v=dvOuePlFjJg' -> 'e50c9eb4e161093e17dbe56b439bb4ed'
2025-07-29 01:12:44,203 - __main__ - INFO - get_cached_message_ids: checking hash e50c9eb4e161093e17dbe56b439bb4ed for quality 720p
2025-07-29 01:12:44,203 - __main__ - INFO - get_cached_message_ids: raw value from local cache: None (type: <class 'NoneType'>)
2025-07-29 01:12:44,203 - __main__ - INFO - get_cached_message_ids: no cache found for hash e50c9eb4e161093e17dbe56b439bb4ed, quality 720p
2025-07-29 01:12:44,203 - __main__ - INFO - get_cached_message_ids: no cache found for any URL variant, returning None
2025-07-29 01:12:48,723 - __main__ - INFO - down_and_up called: url=https://www.youtube.com/shorts/dvOuePlFjJg, quality_key=720p, format_override=bv*[vcodec*=avc1][height<=720]+ba[acodec*=mp4a]/bv*[vcodec*=avc1]+ba/bestvideo[height<=720]+bestaudio/best[height<=720]/best, video_count=1, video_start_with=1
2025-07-29 01:12:48,723 - __main__ - INFO - get_cached_message_ids called: url=https://www.youtube.com/shorts/dvOuePlFjJg, quality_key=720p
2025-07-29 01:12:48,724 - __main__ - INFO - normalize_url_for_cache: 'https://www.youtube.com/shorts/dvOuePlFjJg' -> 'https://www.youtube.com/shorts/dvOuePlFjJg' (shorts)
2025-07-29 01:12:48,724 - __main__ - INFO - normalize_url_for_cache: 'https://youtu.be/dvOuePlFjJg' -> 'https://youtu.be/dvOuePlFjJg' (youtu.be)
2025-07-29 01:12:48,725 - __main__ - INFO - normalize_url_for_cache: 'https://www.youtube.com/watch?v=dvOuePlFjJg' -> 'https://www.youtube.com/watch?v=dvOuePlFjJg' (watch)
2025-07-29 01:12:48,725 - __main__ - INFO - get_cached_message_ids: original=https://www.youtube.com/shorts/dvOuePlFjJg, short=https://youtu.be/dvOuePlFjJg, long=https://www.youtube.com/watch?v=dvOuePlFjJg
2025-07-29 01:12:48,725 - __main__ - INFO - get_cached_message_ids: checking URLs: ['https://www.youtube.com/shorts/dvOuePlFjJg', 'https://youtu.be/dvOuePlFjJg', 'https://www.youtube.com/watch?v=dvOuePlFjJg']
2025-07-29 01:12:48,725 - __main__ - INFO - get_url_hash: 'https://www.youtube.com/shorts/dvOuePlFjJg' -> '265365deba3d68fbf015d41a502f7c6f'
2025-07-29 01:12:48,725 - __main__ - INFO - get_cached_message_ids: checking hash 265365deba3d68fbf015d41a502f7c6f for quality 720p
2025-07-29 01:12:48,726 - __main__ - INFO - get_cached_message_ids: raw value from local cache: None (type: <class 'NoneType'>)
2025-07-29 01:12:48,726 - __main__ - INFO - get_cached_message_ids: no cache found for hash 265365deba3d68fbf015d41a502f7c6f, quality 720p
2025-07-29 01:12:48,726 - __main__ - INFO - get_url_hash: 'https://youtu.be/dvOuePlFjJg' -> '9c95d9939fa8153de3797dc76e01bd56'
2025-07-29 01:12:48,726 - __main__ - INFO - get_cached_message_ids: checking hash 9c95d9939fa8153de3797dc76e01bd56 for quality 720p
2025-07-29 01:12:48,726 - __main__ - INFO - get_cached_message_ids: raw value from local cache: None (type: <class 'NoneType'>)
2025-07-29 01:12:48,726 - __main__ - INFO - get_cached_message_ids: no cache found for hash 9c95d9939fa8153de3797dc76e01bd56, quality 720p
2025-07-29 01:12:48,726 - __main__ - INFO - get_url_hash: 'https://www.youtube.com/watch?v=dvOuePlFjJg' -> 'e50c9eb4e161093e17dbe56b439bb4ed'
2025-07-29 01:12:48,726 - __main__ - INFO - get_cached_message_ids: checking hash e50c9eb4e161093e17dbe56b439bb4ed for quality 720p
2025-07-29 01:12:48,728 - __main__ - INFO - get_cached_message_ids: raw value from local cache: None (type: <class 'NoneType'>)
2025-07-29 01:12:48,728 - __main__ - INFO - get_cached_message_ids: no cache found for hash e50c9eb4e161093e17dbe56b439bb4ed, quality 720p
2025-07-29 01:12:48,728 - __main__ - INFO - get_cached_message_ids: no cache found for any URL variant, returning None
2025-07-29 01:12:49,722 - pyrogram.methods.messages.send_message - WARNING - `reply_to_message_id` is deprecated and will be removed in future updates. Use `reply_parameters` instead.
2025-07-29 01:12:57,443 - __main__ - INFO - [SIZE CHECK] quality_key=720p, size unknown, limit=10 GB, allowed=True
2025-07-29 01:12:57,443 - __main__ - INFO - [SIZE CHECK] Download for quality_key=720p is allowed and will proceed.
2025-07-29 01:13:06,820 - __main__ - ERROR - Error deleting first processing messages: Telegram says: [400 BOT_METHOD_INVALID] - The specified method cannot be used by bots. (caused by "messages.GetHistory")
2025-07-29 01:13:19,160 - __main__ - INFO - is_porn: domain in WHITELIST: youtube.com
2025-07-29 01:13:19,161 - __main__ - INFO - Generated final tags for 'Confidence is Quiet': "#youtube #The_Social_Being"
2025-07-29 01:13:19,900 - __main__ - INFO - Log for user added
2025-07-29 01:13:20,627 - __main__ - INFO - Using YouTube thumbnail: users\5176829003\yt_thumb_dvOuePlFjJg.jpg
2025-07-29 01:13:22,211 - __main__ - INFO - Subs check cache cleared
2025-07-29 01:13:22,211 - pyrogram.methods.messages.send_video - WARNING - `reply_to_message_id` is deprecated and will be removed in future updates. Use `reply_parameters` instead.
2025-07-29 01:13:31,389 - __main__ - INFO - down_and_up: saving to cache with forwarded message IDs: [13329]
2025-07-29 01:13:31,389 - __main__ - INFO - save_to_video_cache called: url=https://www.youtube.com/shorts/dvOuePlFjJg, quality_key=720p, message_ids=[13329], clear=False, original_text=https://www.youtube.com/shorts/dvOuePlFjJg
2025-07-29 01:13:31,389 - __main__ - INFO - normalize_url_for_cache: 'https://www.youtube.com/shorts/dvOuePlFjJg' -> 'https://www.youtube.com/shorts/dvOuePlFjJg' (shorts)
2025-07-29 01:13:31,389 - __main__ - INFO - normalize_url_for_cache: 'https://youtu.be/dvOuePlFjJg' -> 'https://youtu.be/dvOuePlFjJg' (youtu.be)
2025-07-29 01:13:31,390 - __main__ - INFO - normalize_url_for_cache: 'https://www.youtube.com/watch?v=dvOuePlFjJg' -> 'https://www.youtube.com/watch?v=dvOuePlFjJg' (watch)
2025-07-29 01:13:31,390 - __main__ - INFO - save_to_video_cache: normalized URLs: ['https://www.youtube.com/shorts/dvOuePlFjJg', 'https://youtu.be/dvOuePlFjJg', 'https://www.youtube.com/watch?v=dvOuePlFjJg']
2025-07-29 01:13:31,390 - __main__ - INFO - get_url_hash: 'https://www.youtube.com/shorts/dvOuePlFjJg' -> '265365deba3d68fbf015d41a502f7c6f'
2025-07-29 01:13:31,545 - __main__ - INFO - Saved single video to cache: hash=265365deba3d68fbf015d41a502f7c6f, quality=720p, msg_id=13329
2025-07-29 01:13:31,545 - __main__ - INFO - get_url_hash: 'https://youtu.be/dvOuePlFjJg' -> '9c95d9939fa8153de3797dc76e01bd56'
2025-07-29 01:13:31,717 - __main__ - INFO - Saved single video to cache: hash=9c95d9939fa8153de3797dc76e01bd56, quality=720p, msg_id=13329
2025-07-29 01:13:31,718 - __main__ - INFO - get_url_hash: 'https://www.youtube.com/watch?v=dvOuePlFjJg' -> 'e50c9eb4e161093e17dbe56b439bb4ed'
2025-07-29 01:13:31,870 - __main__ - INFO - Saved single video to cache: hash=e50c9eb4e161093e17dbe56b439bb4ed, quality=720p, msg_id=13329
2025-07-29 01:13:35,178 - __main__ - INFO - Cleaning up temporary files for user 5176829003
2025-07-29 01:13:43,020 - __main__ - INFO - Removed file: ./users/5176829003\format.txt
2025-07-29 01:13:43,021 - __main__ - INFO - Media cleanup completed for user 5176829003
2025-07-29 01:13:43,468 - pyrogram.methods.messages.send_message - WARNING - `reply_to_message_id` is deprecated and will be removed in future updates. Use `reply_parameters` instead.
2025-07-29 01:13:43,879 - __main__ - INFO - Subs check cache cleared
2025-07-29 01:13:53,376 - pyrogram.methods.messages.send_message - WARNING - `reply_to_message_id` is deprecated and will be removed in future updates. Use `reply_parameters` instead.
2025-07-29 01:14:05,350 - pyrogram.methods.messages.send_message - WARNING - `reply_to_message_id` is deprecated and will be removed in future updates. Use `reply_parameters` instead.
2025-07-29 01:14:12,194 - __main__ - INFO - 5176829003 No matching command processed.
2025-07-29 01:14:12,195 - __main__ - INFO - Subs check cache cleared
2025-07-29 01:17:14,078 - pyrogram.methods.utilities.idle - INFO - Stop signal received (SIGINT). Exiting...
2025-07-29 01:17:14,122 - pyrogram.dispatcher - INFO - Stopped 20 HandlerTasks
2025-07-29 01:17:14,122 - pyrogram.session.session - INFO - PingTask stopped
2025-07-29 01:17:14,122 - pyrogram.session.session - INFO - NetworkTask stopped
2025-07-29 01:17:14,122 - pyrogram.connection.connection - INFO - Disconnected
2025-07-29 01:17:14,123 - pyrogram.session.session - INFO - Session stopped
2025-07-29 01:17:14,123 - pyrogram.session.session - INFO - PingTask stopped
2025-07-29 01:17:14,123 - pyrogram.session.session - INFO - NetworkTask stopped
2025-07-29 01:17:14,124 - pyrogram.connection.connection - INFO - Disconnected
2025-07-29 01:17:14,124 - pyrogram.session.session - INFO - Session stopped
